
BookCommentモデルのテスト
  バリデーションのテスト
    commentカラム
[31m      空欄でないこと (FAILED - 1)[0m
  アソシエーションのテスト
    Bookモデルとの関係
[32m      N:1となっている[0m
    Userモデルとの関係
[32m      N:1となっている[0m

Bookモデルのテスト
  バリデーションのテスト
    titleカラム
[32m      空欄でないこと[0m
    bodyカラム
[32m      空欄でないこと[0m
[32m      200文字以下であること: 200文字は〇[0m
[32m      200文字以下であること: 201文字は×[0m
  アソシエーションのテスト
    Userモデルとの関係
[32m      N:1となっている[0m

Favoriteモデルのテスト
  バリデーションのテスト
[31m    ユーザーは一つの投稿に一つしかいいねできない (FAILED - 2)[0m
  アソシエーションのテスト
    Bookモデルとの関係
[31m      N:1となっている (FAILED - 3)[0m
    Userモデルとの関係
[31m      N:1となっている (FAILED - 4)[0m

Userモデルのテスト
  バリデーションのテスト
    nameカラム
[32m      空欄でないこと[0m
[32m      2文字以上であること: 1文字は×[0m
[32m      2文字以上であること: 2文字は〇[0m
[32m      20文字以下であること: 20文字は〇[0m
[32m      20文字以下であること: 21文字は×[0m
[32m      一意性があること[0m
    introductionカラム
[32m      50文字以下であること: 50文字は〇[0m
[32m      50文字以下であること: 51文字は×[0m
  アソシエーションのテスト
    Bookモデルとの関係
[32m      1:Nとなっている[0m

[STEP1] ユーザログイン前のテスト
  トップ画面のテスト
    表示内容の確認
[32m      URLが正しい[0m
[32m      Log inリンクが表示される: 左上から5番目のリンクが「Log in」である[0m
[32m      Log inリンクの内容が正しい[0m
[32m      Sign upリンクが表示される: 左上から6番目のリンクが「Sign up」である[0m
[32m      Sign upリンクの内容が正しい[0m
  アバウト画面のテスト
    表示内容の確認
[32m      URLが正しい[0m
  ヘッダーのテスト: ログインしていない場合
    表示内容の確認
[32m      タイトルが表示される[0m
[32m      Homeリンクが表示される: 左上から1番目のリンクが「Home」である[0m
[32m      Aboutリンクが表示される: 左上から2番目のリンクが「About」である[0m
[32m      Sign upリンクが表示される: 左上から3番目のリンクが「Sign up」である[0m
[32m      Log inリンクが表示される: 左上から4番目のリンクが「Log in」である[0m
    リンクの内容を確認
[32m      Homeを押すと、トップ画面に遷移する[0m
[32m      Aboutを押すと、アバウト画面に遷移する[0m
[32m      Sign upを押すと、新規登録画面に遷移する[0m
[32m      Log inを押すと、ログイン画面に遷移する[0m
  ユーザ新規登録のテスト
    表示内容の確認
[32m      URLが正しい[0m
[32m      「Sign up」と表示される[0m
[32m      nameフォームが表示される[0m
[32m      emailフォームが表示される[0m
[32m      passwordフォームが表示される[0m
[32m      password_confirmationフォームが表示される[0m
[32m      Sign upボタンが表示される[0m
    新規登録成功のテスト
[32m      正しく新規登録される[0m
[32m      新規登録後のリダイレクト先が、新規登録できたユーザの詳細画面になっている[0m
  ユーザログイン
    表示内容の確認
[32m      URLが正しい[0m
[32m      「Log in」と表示される[0m
[32m      nameフォームが表示される[0m
[32m      passwordフォームが表示される[0m
[32m      Log inボタンが表示される[0m
[32m      emailフォームは表示されない[0m
    ログイン成功のテスト
[32m      ログイン後のリダイレクト先が、ログインしたユーザの詳細画面になっている[0m
    ログイン失敗のテスト
[32m      ログインに失敗し、ログイン画面にリダイレクトされる[0m
  ヘッダーのテスト: ログインしている場合
    ヘッダーの表示を確認
[32m      タイトルが表示される[0m
[32m      Homeリンクが表示される: 左上から1番目のリンクが「Home」である[0m
[32m      Usersリンクが表示される: 左上から2番目のリンクが「Users」である[0m
[32m      Booksリンクが表示される: 左上から3番目のリンクが「Books」である[0m
[32m      Log outリンクが表示される: 左上から4番目のリンクが「Log out」である[0m
  ユーザログアウトのテスト
    ログアウト機能のテスト
[32m      正しくログアウトできている: ログアウト後のリダイレクト先においてAbout画面へのリンクが存在する[0m
[32m      ログアウト後のリダイレクト先が、トップになっている[0m

[STEP2] ユーザログイン後のテスト
  ヘッダーのテスト: ログインしている場合
    リンクの内容を確認: ※logoutは『ユーザログアウトのテスト』でテスト済みになります。
[32m      Homeを押すと、自分のユーザ詳細画面に遷移する[0m
[32m      Usersを押すと、ユーザ一覧画面に遷移する[0m
[32m      Booksを押すと、投稿一覧画面に遷移する[0m
  投稿一覧画面のテスト
    表示内容の確認
[32m      URLが正しい[0m
[32m      自分と他人の画像のリンク先が正しい[0m
[32m      自分の投稿と他人の投稿のタイトルのリンク先がそれぞれ正しい[0m
[32m      自分の投稿と他人の投稿のオピニオンが表示される[0m
    サイドバーの確認
[32m      自分の名前と紹介文が表示される[0m
[32m      自分のユーザ編集画面へのリンクが存在する[0m
[32m      「New book」と表示される[0m
[32m      titleフォームが表示される[0m
[32m      titleフォームに値が入っていない[0m
[32m      opinionフォームが表示される[0m
[32m      opinionフォームに値が入っていない[0m
[32m      Create Bookボタンが表示される[0m
    投稿成功のテスト
[32m      自分の新しい投稿が正しく保存される[0m
[32m      リダイレクト先が、保存できた投稿の詳細画面になっている[0m
  自分の投稿詳細画面のテスト
    表示内容の確認
[32m      URLが正しい[0m
[32m      「Book detail」と表示される[0m
[32m      ユーザ画像・名前のリンク先が正しい[0m
[32m      投稿のtitleが表示される[0m
[32m      投稿のopinionが表示される[0m
[32m      投稿の編集リンクが表示される[0m
[32m      投稿の削除リンクが表示される[0m
    サイドバーの確認
[32m      自分の名前と紹介文が表示される[0m
[32m      自分のユーザ編集画面へのリンクが存在する[0m
[32m      「New book」と表示される[0m
[32m      titleフォームが表示される[0m
[32m      titleフォームに値が入っていない[0m
[32m      opinionフォームが表示される[0m
[32m      opinionフォームに値が入っていない[0m
[32m      Create Bookボタンが表示される[0m
    投稿成功のテスト
[32m      自分の新しい投稿が正しく保存される[0m
    編集リンクのテスト
[32m      編集画面に遷移する[0m
    削除リンクのテスト
[32m      正しく削除される[0m
[32m      リダイレクト先が、投稿一覧画面になっている[0m
  自分の投稿編集画面のテスト
    表示の確認
[32m      URLが正しい[0m
[32m      「Editing Book」と表示される[0m
[32m      title編集フォームが表示される[0m
[32m      opinion編集フォームが表示される[0m
[32m      Update Bookボタンが表示される[0m
[32m      Showリンクが表示される[0m
[32m      Backリンクが表示される[0m
    編集成功のテスト
[32m      titleが正しく更新される[0m
[32m      bodyが正しく更新される[0m
[32m      リダイレクト先が、更新した投稿の詳細画面になっている[0m
  ユーザ一覧画面のテスト
    表示内容の確認
[32m      URLが正しい[0m
[32m      自分と他人の画像が表示される: fallbackの画像がサイドバーの1つ＋一覧(2人)の2つの計3つ存在する[0m
[32m      自分と他人の名前がそれぞれ表示される[0m
[32m      自分と他人のshowリンクがそれぞれ表示される[0m

Failures:

  1) BookCommentモデルのテスト バリデーションのテスト commentカラム 空欄でないこと
     [31mFailure/Error: is_expected.to eq false[0m
     [31m[0m
     [31m  expected: false[0m
     [31m       got: true[0m
     [31m[0m
     [31m  (compared using ==)[0m
     [31m[0m
     [31m  Diff:[0m[0m
     [31m  [0m[34m@@ -1 +1 @@[0m
     [31m  [0m[31m-false[0m
     [31m  [0m[32m+true[0m
     [31m  [0m[0m
     [36m# ./spec/models/book_comment_spec.rb:14:in `block (4 levels) in <top (required)>'[0m

  2) Favoriteモデルのテスト バリデーションのテスト ユーザーは一つの投稿に一つしかいいねできない
     [31mFailure/Error: let!(:favorite) { create(:favorite, book: book, user: user) }[0m
     [31m[0m
     [31mNoMethodError:[0m
     [31m  undefined method `book=' for #<Favorite id: nil, user_id: nil, book_id: nil, created_at: nil, updated_at: nil>[0m
     [31m  Did you mean?  book_id=[0m
     [36m# /home/ec2-user/.rvm/gems/ruby-3.1.2/gems/factory_bot-6.2.1/lib/factory_bot/attribute_assigner.rb:16:in `public_send'[0m
     [36m# /home/ec2-user/.rvm/gems/ruby-3.1.2/gems/factory_bot-6.2.1/lib/factory_bot/attribute_assigner.rb:16:in `block (2 levels) in object'[0m
     [36m# /home/ec2-user/.rvm/gems/ruby-3.1.2/gems/factory_bot-6.2.1/lib/factory_bot/attribute_assigner.rb:15:in `each'[0m
     [36m# /home/ec2-user/.rvm/gems/ruby-3.1.2/gems/factory_bot-6.2.1/lib/factory_bot/attribute_assigner.rb:15:in `block in object'[0m
     [36m# /home/ec2-user/.rvm/gems/ruby-3.1.2/gems/factory_bot-6.2.1/lib/factory_bot/attribute_assigner.rb:14:in `object'[0m
     [36m# /home/ec2-user/.rvm/gems/ruby-3.1.2/gems/factory_bot-6.2.1/lib/factory_bot/evaluation.rb:13:in `object'[0m
     [36m# /home/ec2-user/.rvm/gems/ruby-3.1.2/gems/factory_bot-6.2.1/lib/factory_bot/strategy/create.rb:9:in `result'[0m
     [36m# /home/ec2-user/.rvm/gems/ruby-3.1.2/gems/factory_bot-6.2.1/lib/factory_bot/factory.rb:43:in `run'[0m
     [36m# /home/ec2-user/.rvm/gems/ruby-3.1.2/gems/factory_bot-6.2.1/lib/factory_bot/factory_runner.rb:29:in `block in run'[0m
     [36m# /home/ec2-user/.rvm/gems/ruby-3.1.2/gems/factory_bot-6.2.1/lib/factory_bot/factory_runner.rb:28:in `run'[0m
     [36m# /home/ec2-user/.rvm/gems/ruby-3.1.2/gems/factory_bot-6.2.1/lib/factory_bot/strategy_syntax_method_registrar.rb:28:in `block in define_singular_strategy_method'[0m
     [36m# ./spec/models/favorite_spec.rb:9:in `block (3 levels) in <main>'[0m

  3) Favoriteモデルのテスト アソシエーションのテスト Bookモデルとの関係 N:1となっている
     [31mFailure/Error: expect(Favorite.reflect_on_association(:book).macro).to eq :belongs_to[0m
     [31m[0m
     [31mNoMethodError:[0m
     [31m  undefined method `macro' for nil:NilClass[0m
     [31m[0m
     [31m          expect(Favorite.reflect_on_association(:book).macro).to eq :belongs_to[0m
     [31m                                                       ^^^^^^[0m
     [36m# ./spec/models/favorite_spec.rb:20:in `block (4 levels) in <main>'[0m

  4) Favoriteモデルのテスト アソシエーションのテスト Userモデルとの関係 N:1となっている
     [31mFailure/Error: expect(Favorite.reflect_on_association(:user).macro).to eq :belongs_to[0m
     [31m[0m
     [31mNoMethodError:[0m
     [31m  undefined method `macro' for nil:NilClass[0m
     [31m[0m
     [31m          expect(Favorite.reflect_on_association(:user).macro).to eq :belongs_to[0m
     [31m                                                       ^^^^^^[0m
     [36m# ./spec/models/favorite_spec.rb:25:in `block (4 levels) in <main>'[0m

Finished in 11.97 seconds (files took 1.12 seconds to load)
[31m109 examples, 4 failures[0m

Failed examples:

[31mrspec ./spec/models/book_comment_spec.rb:12[0m [36m# BookCommentモデルのテスト バリデーションのテスト commentカラム 空欄でないこと[0m
[31mrspec ./spec/models/favorite_spec.rb:12[0m [36m# Favoriteモデルのテスト バリデーションのテスト ユーザーは一つの投稿に一つしかいいねできない[0m
[31mrspec ./spec/models/favorite_spec.rb:19[0m [36m# Favoriteモデルのテスト アソシエーションのテスト Bookモデルとの関係 N:1となっている[0m
[31mrspec ./spec/models/favorite_spec.rb:24[0m [36m# Favoriteモデルのテスト アソシエーションのテスト Userモデルとの関係 N:1となっている[0m

